Build started 3/24/2015 5:53:02 PM.
     1>Project "C:\Users\Sean\Documents\C++\Mormalade\SDL Game\Game01\Project1\Project1.vcxproj" on node 2 (Build target(s)).
     1>ClCompile:
         C:\Program Files (x86)\Microsoft Visual Studio 12.0\VC\bin\CL.exe /c /I"C:\Users\Sean\Documents\C++\Mormalade\SDL Game\Libraries\SDL2_mixer-2.0.0\include" /I"C:\Users\Sean\Documents\C++\Mormalade\SDL Game\Libraries\SDL2_image-2.0.0\include" /I"C:\Users\Sean\Documents\C++\Mormalade\SDL Game\Libraries\SDL2-2.0.3\include" /AI"C:\Users\Sean\Documents\C++\Mormalade\SDL Game\Libraries\SDL2_mixer-2.0.0\include" /AI"C:\Users\Sean\Documents\C++\Mormalade\SDL Game\Libraries\SDL2_image-2.0.0\include" /AI"C:\Users\Sean\Documents\C++\Mormalade\SDL Game\Libraries\SDL2-2.0.3\include" /ZI /nologo /W3 /WX- /sdl /Od /Oy- /D _MBCS /Gm /EHsc /RTC1 /MDd /GS /fp:precise /Zc:wchar_t /Zc:forScope /Fo"Debug\\" /Fd"Debug\vc120.pdb" /Gd /TP /analyze- /errorReport:prompt main.cpp
         main.cpp
       Link:
         C:\Program Files (x86)\Microsoft Visual Studio 12.0\VC\bin\link.exe /ERRORREPORT:PROMPT /OUT:"C:\Users\Sean\Documents\C++\Mormalade\SDL Game\Game01\Debug\Project1.exe" /INCREMENTAL /NOLOGO /LIBPATH:"C:\Users\Sean\Documents\C++\Mormalade\SDL Game\Libraries\SDL2-2.0.3\lib\x64" /LIBPATH:"C:\Users\Sean\Documents\C++\Mormalade\SDL Game\Libraries\SDL2_image-2.0.0\lib\x64" /LIBPATH:"C:\Users\Sean\Documents\C++\Mormalade\SDL Game\Libraries\SDL2_mixer-2.0.0\lib\x64" SDL2.lib SDL2main.lib SDL2_mixer.lib SDL2_image.lib kernel32.lib user32.lib gdi32.lib winspool.lib comdlg32.lib advapi32.lib shell32.lib ole32.lib oleaut32.lib uuid.lib odbc32.lib odbccp32.lib /MANIFEST /MANIFESTUAC:"level='asInvoker' uiAccess='false'" /manifest:embed /DEBUG /PDB:"C:\Users\Sean\Documents\C++\Mormalade\SDL Game\Game01\Debug\Project1.pdb" /SUBSYSTEM:WINDOWS /TLBID:1 /DYNAMICBASE /NXCOMPAT /IMPLIB:"C:\Users\Sean\Documents\C++\Mormalade\SDL Game\Game01\Debug\Project1.lib" /MACHINE:X86 Debug\main.obj
     1>MSVCRTD.lib(crtexew.obj) : error LNK2019: unresolved external symbol _WinMain@16 referenced in function ___tmainCRTStartup
     1>C:\Users\Sean\Documents\C++\Mormalade\SDL Game\Game01\Debug\Project1.exe : fatal error LNK1120: 1 unresolved externals
     1>Done Building Project "C:\Users\Sean\Documents\C++\Mormalade\SDL Game\Game01\Project1\Project1.vcxproj" (Build target(s)) -- FAILED.

Build FAILED.

Time Elapsed 00:00:07.08
